0 info it worked if it ends with ok
1 verbose cli [ 'd:\\Program Files\\nodejs\\node.exe',
1 verbose cli   'd:\\Program Files\\nodejs\\node_modules\\npm\\bin\\npm-cli.js',
1 verbose cli   'start' ]
2 info using npm@3.10.10
3 info using node@v6.11.2
4 verbose run-script [ 'prestart', 'start', 'poststart' ]
5 info lifecycle react-guide@1.0.0~prestart: react-guide@1.0.0
6 silly lifecycle react-guide@1.0.0~prestart: no script for prestart, continuing
7 info lifecycle react-guide@1.0.0~start: react-guide@1.0.0
8 verbose lifecycle react-guide@1.0.0~start: unsafe-perm in lifecycle true
9 verbose lifecycle react-guide@1.0.0~start: PATH: d:\Program Files\nodejs\node_modules\npm\bin\node-gyp-bin;c:\Users\FFrost\Desktop\New_port\node_modules\.bin;c:\Users\FFrost\bin;.;D:\Program Files (x86)\Git\local\bin;D:\Program Files (x86)\Git\mingw\bin;D:\Program Files (x86)\Git\bin;D:\Program Files (x86)\Git\bin;c:\ProgramData\Oracle\Java\javapath;c:\Program Files (x86)\Common Files\Microsoft Shared\Windows Live;c:\Program Files (x86)\Intel\iCLS Client\;c:\Program Files\Intel\iCLS Client\;c:\Windows\system32;c:\Windows;c:\Windows\System32\Wbem;c:\Windows\System32\WindowsPowerShell\v1.0\;c:\Program Files\Intel\Intel(R) Management Engine Components\DAL;c:\Program Files\Intel\Intel(R) Management Engine Components\IPT;c:\Program Files (x86)\Intel\Intel(R) Management Engine Components\DAL;c:\Program Files (x86)\Intel\Intel(R) Management Engine Components\IPT;c:\Program Files\Intel\WiFi\bin\;c:\Program Files\Common Files\Intel\WirelessCommon\;c:\Users\FFrost\AppData\Local\Smartbar\Application\;c:\Users\FFrost\AppData\Local\Smartbar\Application\;c:\Program Files (x86)\Windows Kits\8.1\Windows Performance Toolkit\;c:\Program Files\Microsoft SQL Server\110\Tools\Binn\;c:\Program Files (x86)\Microsoft SDKs\TypeScript\;c:\Program Files (x86)\Microsoft SDKs\TypeScript\1.0\;c:\Program Files (x86)\NVIDIA Corporation\PhysX\Common;c:\Program Files (x86)\Microsoft SQL Server\110\Tools\Binn\ManagementStudio\;c:\Program Files (x86)\Microsoft SQL Server\110\Tools\Binn\;c:\Program Files (x86)\Microsoft SQL Server\110\DTS\Binn\;c:\Program Files\Microsoft SQL Server\110\DTS\Binn\;c:\Program Files (x86)\MySQL\MySQL Fabric 1.5.4 & MySQL Utilities 1.5.4 1.5\;c:\Program Files (x86)\MySQL\MySQL Fabric 1.5.4 & MySQL Utilities 1.5.4 1.5\Doctrine extensions for PHP\;d:\Program Files (x86)\Brackets\command;c:\Go\bin;c:\Program Files\mingw-w64\x86_64-5.3.0-posix-seh-rt_v4-rev0\mingw64\bin;d:\xampp\php;c:\ProgramData\ComposerSetup\bin;c:\Program Files (x86)\Skype\Phone\;d:\Program Files\nodejs\;c:\Program Files\Common Files\Microsoft Shared\Windows Live;c:\Program Files\Intel\WiFi\bin\;c:\Program Files\Common Files\Intel\WirelessCommon\;c:\Users\FFrost\AppData\Local\atom\bin;c:\Users\FFrost\AppData\Roaming\Composer\vendor\bin;c:\Program Files (x86)\Microsoft VS Code\bin;c:\Users\FFrost\AppData\Roaming\npm
10 verbose lifecycle react-guide@1.0.0~start: CWD: c:\Users\FFrost\Desktop\New_port
11 silly lifecycle react-guide@1.0.0~start: Args: [ '/d /s /c', 'gulp' ]
12 verbose stack Error: kill ENOSYS
12 verbose stack     at exports._errnoException (util.js:1020:11)
12 verbose stack     at process.kill (internal/process.js:190:13)
12 verbose stack     at process.listener (d:\Program Files\nodejs\node_modules\npm\node_modules\npmlog\node_modules\gauge\node_modules\signal-exit\index.js:86:15)
12 verbose stack     at emitNone (events.js:91:20)
12 verbose stack     at process.emit (events.js:185:7)
12 verbose stack     at processEmit (d:\Program Files\nodejs\node_modules\npm\node_modules\npmlog\node_modules\gauge\node_modules\signal-exit\index.js:146:32)
12 verbose stack     at processEmit (d:\Program Files\nodejs\node_modules\npm\node_modules\npm-registry-client\node_modules\npmlog\node_modules\gauge\node_modules\signal-exit\index.js:146:32)
12 verbose stack     at Signal.wrap.onsignal (internal/process.js:217:44)
13 verbose cwd c:\Users\FFrost\Desktop\New_port
14 error Windows_NT 6.1.7601
15 error argv "d:\\Program Files\\nodejs\\node.exe" "d:\\Program Files\\nodejs\\node_modules\\npm\\bin\\npm-cli.js" "start"
16 error node v6.11.2
17 error npm  v3.10.10
18 error code ENOSYS
19 error errno ENOSYS
20 error syscall kill
21 error kill ENOSYS
22 error If you need help, you may report this error at:
22 error     <https://github.com/npm/npm/issues>
23 verbose exit [ 1, true ]
